# JRE version: Java(TM) SE Runtime Environment (18.0+36) (build 18+36-2087)
# Java VM: Java HotSpot(TM) 64-Bit Server VM (18+36-2087, mixed mode, sharing, tiered, compressed oops, compressed class ptrs, g1 gc, windows-amd64)
GC Precious Log:
 CardTable entry size: 512
 Card Set container configuration: InlinePtr #cards 5 size 8 Array Of Cards #cards 12 size 40 Howl #buckets 4 coarsen threshold 1843 Howl Bitmap #cards 512 size 80 coarsen threshold 460 Card regions per heap region 1 cards per card region 2048
 CPUs: 8 total, 8 available
 Memory: 7959M
 Large Page Support: Disabled
 NUMA Support: Disabled
 Compressed Oops: Enabled (32-bit)
 Heap Region Size: 1M
 Heap Min Capacity: 8M
 Heap Initial Capacity: 8M
 Heap Max Capacity: 1990M
 Pre-touch: Disabled
 Parallel Workers: 8
 Concurrent Workers: 2
 Concurrent Refinement Workers: 8
 Periodic GC: Disabled
Heap:
 garbage-first heap   total 12288K, used 5163K [0x0000000083a00000, 0x0000000100000000)
  region size 1024K, 1 young (1024K), 1 survivors (1024K)
 Metaspace       used 8413K, committed 8640K, reserved 1114112K
  class space    used 967K, committed 1088K, reserved 1048576K
GC Heap History (20 events):
Event: 8.568 GC heap after
{Heap after GC invocations=2 (full 0):
 garbage-first heap   total 8192K, used 1768K [0x0000000083a00000, 0x0000000100000000)
  region size 1024K, 1 young (1024K), 1 survivors (1024K)
 Metaspace       used 5050K, committed 5248K, reserved 1114112K
  class space    used 604K, committed 704K, reserved 1048576K
}
Event: 8.681 GC heap before
{Heap before GC invocations=2 (full 0):
 garbage-first heap   total 8192K, used 2792K [0x0000000083a00000, 0x0000000100000000)
  region size 1024K, 2 young (2048K), 1 survivors (1024K)
 Metaspace       used 6469K, committed 6592K, reserved 1114112K
  class space    used 762K, committed 832K, reserved 1048576K
}
Event: 8.682 GC heap after
{Heap after GC invocations=3 (full 0):
 garbage-first heap   total 8192K, used 2132K [0x0000000083a00000, 0x0000000100000000)
  region size 1024K, 1 young (1024K), 1 survivors (1024K)
 Metaspace       used 6469K, committed 6592K, reserved 1114112K
  class space    used 762K, committed 832K, reserved 1048576K
}
Event: 8.841 GC heap before
{Heap before GC invocations=3 (full 0):
 garbage-first heap   total 8192K, used 3156K [0x0000000083a00000, 0x0000000100000000)
  region size 1024K, 2 young (2048K), 1 survivors (1024K)
 Metaspace       used 7454K, committed 7616K, reserved 1114112K
  class space    used 846K, committed 896K, reserved 1048576K
}
Event: 8.845 GC heap after
{Heap after GC invocations=4 (full 0):
 garbage-first heap   total 8192K, used 2436K [0x0000000083a00000, 0x0000000100000000)
  region size 1024K, 1 young (1024K), 1 survivors (1024K)
 Metaspace       used 7454K, committed 7616K, reserved 1114112K
  class space    used 846K, committed 896K, reserved 1048576K
}
Event: 9.850 GC heap before
{Heap before GC invocations=4 (full 0):
 garbage-first heap   total 8192K, used 3460K [0x0000000083a00000, 0x0000000100000000)
  region size 1024K, 2 young (2048K), 1 survivors (1024K)
 Metaspace       used 7667K, committed 7808K, reserved 1114112K
  class space    used 870K, committed 896K, reserved 1048576K
}
Event: 9.851 GC heap after
{Heap after GC invocations=5 (full 0):
 garbage-first heap   total 8192K, used 2902K [0x0000000083a00000, 0x0000000100000000)
  region size 1024K, 1 young (1024K), 1 survivors (1024K)
 Metaspace       used 7667K, committed 7808K, reserved 1114112K
  class space    used 870K, committed 896K, reserved 1048576K
}
Event: 10.840 GC heap before
{Heap before GC invocations=5 (full 0):
 garbage-first heap   total 8192K, used 3926K [0x0000000083a00000, 0x0000000100000000)
  region size 1024K, 2 young (2048K), 1 survivors (1024K)
 Metaspace       used 7876K, committed 8128K, reserved 1114112K
  class space    used 900K, committed 1024K, reserved 1048576K
}
Event: 10.842 GC heap after
{Heap after GC invocations=6 (full 0):
 garbage-first heap   total 8192K, used 3185K [0x0000000083a00000, 0x0000000100000000)
  region size 1024K, 1 young (1024K), 1 survivors (1024K)
 Metaspace       used 7876K, committed 8128K, reserved 1114112K
  class space    used 900K, committed 1024K, reserved 1048576K
}
Event: 10.855 GC heap before
{Heap before GC invocations=6 (full 0):
 garbage-first heap   total 8192K, used 4209K [0x0000000083a00000, 0x0000000100000000)
  region size 1024K, 2 young (2048K), 1 survivors (1024K)
 Metaspace       used 7898K, committed 8128K, reserved 1114112K
  class space    used 900K, committed 1024K, reserved 1048576K
}
Event: 10.856 GC heap after
{Heap after GC invocations=7 (full 0):
 garbage-first heap   total 8192K, used 3361K [0x0000000083a00000, 0x0000000100000000)
  region size 1024K, 1 young (1024K), 1 survivors (1024K)
 Metaspace       used 7898K, committed 8128K, reserved 1114112K
  class space    used 900K, committed 1024K, reserved 1048576K
}
Event: 10.882 GC heap before
{Heap before GC invocations=7 (full 0):
 garbage-first heap   total 8192K, used 4385K [0x0000000083a00000, 0x0000000100000000)
  region size 1024K, 2 young (2048K), 1 survivors (1024K)
 Metaspace       used 7914K, committed 8192K, reserved 1114112K
  class space    used 900K, committed 1024K, reserved 1048576K
}
Event: 10.883 GC heap after
{Heap after GC invocations=8 (full 0):
 garbage-first heap   total 12288K, used 3457K [0x0000000083a00000, 0x0000000100000000)
  region size 1024K, 1 young (1024K), 1 survivors (1024K)
 Metaspace       used 7914K, committed 8192K, reserved 1114112K
  class space    used 900K, committed 1024K, reserved 1048576K
}
Event: 10.911 GC heap before
{Heap before GC invocations=8 (full 0):
 garbage-first heap   total 12288K, used 6529K [0x0000000083a00000, 0x0000000100000000)
  region size 1024K, 4 young (4096K), 1 survivors (1024K)
 Metaspace       used 8002K, committed 8192K, reserved 1114112K
  class space    used 909K, committed 1024K, reserved 1048576K
}
Event: 10.913 GC heap after
{Heap after GC invocations=9 (full 0):
 garbage-first heap   total 12288K, used 3906K [0x0000000083a00000, 0x0000000100000000)
  region size 1024K, 1 young (1024K), 1 survivors (1024K)
 Metaspace       used 8002K, committed 8192K, reserved 1114112K
  class space    used 909K, committed 1024K, reserved 1048576K
}
Event: 10.942 GC heap before
{Heap before GC invocations=9 (full 0):
 garbage-first heap   total 12288K, used 5954K [0x0000000083a00000, 0x0000000100000000)
  region size 1024K, 3 young (3072K), 1 survivors (1024K)
 Metaspace       used 8140K, committed 8384K, reserved 1114112K
  class space    used 927K, committed 1024K, reserved 1048576K
}
Event: 10.945 GC heap after
{Heap after GC invocations=10 (full 0):
 garbage-first heap   total 12288K, used 4281K [0x0000000083a00000, 0x0000000100000000)
  region size 1024K, 1 young (1024K), 1 survivors (1024K)
 Metaspace       used 8140K, committed 8384K, reserved 1114112K
  class space    used 927K, committed 1024K, reserved 1048576K
}
Event: 10.978 GC heap before
{Heap before GC invocations=10 (full 0):
 garbage-first heap   total 12288K, used 6329K [0x0000000083a00000, 0x0000000100000000)
  region size 1024K, 3 young (3072K), 1 survivors (1024K)
 Metaspace       used 8296K, committed 8576K, reserved 1114112K
  class space    used 946K, committed 1088K, reserved 1048576K
}
Event: 10.981 GC heap after
{Heap after GC invocations=11 (full 0):
 garbage-first heap   total 12288K, used 4680K [0x0000000083a00000, 0x0000000100000000)
  region size 1024K, 1 young (1024K), 1 survivors (1024K)
 Metaspace       used 8296K, committed 8576K, reserved 1114112K
  class space    used 946K, committed 1088K, reserved 1048576K
}
Event: 11.032 GC heap before
{Heap before GC invocations=11 (full 0):
 garbage-first heap   total 12288K, used 7752K [0x0000000083a00000, 0x0000000100000000)
  region size 1024K, 4 young (4096K), 1 survivors (1024K)
 Metaspace       used 8413K, committed 8640K, reserved 1114112K
  class space    used 967K, committed 1088K, reserved 1048576K
}

